<?xml version="1.0" encoding="UTF-8"?>
<!-- Generated by org.testng.reporters.JUnitXMLReporter -->
<testsuite ignored="0" hostname="Ajay" failures="0" tests="4" name="Animal" time="11.738" errors="0" timestamp="2022-12-06T21:58:55 IST">
  <testcase classname="testNG.ParameterizationExample" name="Printname" time="0.013"/>
  <testcase classname="testNG.ParallelTesting" name="openBing" time="0.852"/>
  <testcase classname="testNG.ParallelTesting" name="openChrome" time="11.33"/>
  <testcase classname="testNG.ParallelTesting" name="openFireFox" time="11.654"/>
</testsuite> <!-- Animal -->
