<?xml version="1.0" encoding="UTF-8"?>
<!-- Generated by org.testng.reporters.JUnitXMLReporter -->
<testsuite ignored="2" hostname="Ajay" failures="0" tests="23" name="Overall File" time="13.508" errors="0" timestamp="2022-12-06T22:04:38 IST">
  <testcase classname="testNG.DriveACar" name="startTheCar" time="0.006"/>
  <testcase classname="testNG.DriveACar" name="putFirstGear" time="0.002"/>
  <testcase classname="testNG.DriveACar" name="putSecondGear" time="0.001"/>
  <testcase classname="testNG.DriveACar" name="putThirdGear" time="0.0"/>
  <testcase classname="testNG.DriveACar" name="pressBreak" time="0.002"/>
  <testcase classname="testNG.SampleTestCase" name="firstTestCase" time="0.002"/>
  <testcase classname="testNG.SampleTestCase" name="fourthTestCase" time="0.003"/>
  <testcase classname="testNG.SampleTestCase" name="secondTestCase" time="0.002"/>
  <testcase classname="testNG.SampleTestCase" name="thirdTestCase" time="0.003"/>
  <testcase classname="testNG.SkipATestCase" name="startTheCar" time="0.002"/>
  <testcase classname="testNG.SkipATestCase" name="putFirstGear" time="0.002"/>
  <testcase classname="testNG.SkipATestCase" name="putThirdGear" time="0.006"/>
  <testcase classname="testNG.SkipATestCase" name="pressBreak" time="0.002"/>
  <testcase classname="testNG.DependencyManagement" name="highSchool" time="0.002"/>
  <testcase classname="testNG.DependencyManagement" name="higherSecondary" time="0.0"/>
  <testcase classname="testNG.DependencyManagement" name="engineering" time="0.0"/>
  <testcase classname="testNG.SuitExamples" name="openBingo" time="0.496"/>
  <testcase classname="testNG.SuitExamples" name="openChrome" time="4.195"/>
  <testcase classname="testNG.SuitExamples" name="openYahoo" time="1.118"/>
  <testcase classname="testNG.ParameterizationExample" name="Printname" time="0.001"/>
  <testcase classname="testNG.ParallelTesting" name="openChrome" time="1.658"/>
  <testcase classname="testNG.ParallelTesting" name="openBing" time="0.725"/>
  <testcase classname="testNG.ParallelTesting" name="openFireFox" time="5.15"/>
  <testcase classname="testNG.SkipATestCase" name="putSecondGear" time="0.0">
    <ignored/>
  </testcase> <!-- putSecondGear -->
  <testcase classname="testNG.DependencyManagement" name="kinderGarden" time="0.0">
    <ignored/>
  </testcase> <!-- kinderGarden -->
</testsuite> <!-- Overall File -->
