<?xml version="1.0" encoding="UTF-8"?>
<!-- Generated by org.testng.reporters.JUnitXMLReporter -->
<testsuite ignored="2" hostname="Ajay" failures="0" tests="19" name="test Cases" time="4.937" errors="0" timestamp="2022-12-06T16:56:57 IST">
  <testcase classname="testNG.DriveACar" name="startTheCar" time="0.008"/>
  <testcase classname="testNG.DriveACar" name="putFirstGear" time="0.004"/>
  <testcase classname="testNG.DriveACar" name="putSecondGear" time="0.01"/>
  <testcase classname="testNG.DriveACar" name="putThirdGear" time="0.009"/>
  <testcase classname="testNG.DriveACar" name="pressBreak" time="0.005"/>
  <testcase classname="testNG.SampleTestCase" name="firstTestCase" time="0.001"/>
  <testcase classname="testNG.SampleTestCase" name="fourthTestCase" time="0.003"/>
  <testcase classname="testNG.SampleTestCase" name="secondTestCase" time="0.011"/>
  <testcase classname="testNG.SampleTestCase" name="thirdTestCase" time="0.005"/>
  <testcase classname="testNG.SkipATestCase" name="startTheCar" time="0.019"/>
  <testcase classname="testNG.SkipATestCase" name="putFirstGear" time="0.001"/>
  <testcase classname="testNG.SkipATestCase" name="putThirdGear" time="0.01"/>
  <testcase classname="testNG.SkipATestCase" name="pressBreak" time="0.014"/>
  <testcase classname="testNG.DependencyManagement" name="highSchool" time="0.012"/>
  <testcase classname="testNG.DependencyManagement" name="higherSecondary" time="0.004"/>
  <testcase classname="testNG.DependencyManagement" name="engineering" time="0.015"/>
  <testcase classname="testNG.SuitExamples" name="openBingo" time="0.973"/>
  <testcase classname="testNG.SuitExamples" name="openChrome" time="2.349"/>
  <testcase classname="testNG.SuitExamples" name="openYahoo" time="1.23"/>
  <testcase classname="testNG.SkipATestCase" name="putSecondGear" time="0.0">
    <ignored/>
  </testcase> <!-- putSecondGear -->
  <testcase classname="testNG.DependencyManagement" name="kinderGarden" time="0.0">
    <ignored/>
  </testcase> <!-- kinderGarden -->
</testsuite> <!-- test Cases -->
