<?xml version="1.0" encoding="UTF-8"?>
<!-- Generated by org.testng.reporters.JUnitXMLReporter -->
<testsuite ignored="0" hostname="Ajay" failures="0" tests="4" name="BothCorrect" time="46.651" errors="0" timestamp="2023-01-16T23:47:45 IST">
  <testcase classname="loginTestcases.dataProviderexp" name="bothCorrect" time="17.776"/>
  <testcase classname="loginTestcases.dataProviderexp" name="bothCorrect" time="9.444"/>
  <testcase classname="loginTestcases.dataProviderexp" name="bothCorrect" time="9.645"/>
  <testcase classname="loginTestcases.dataProviderexp" name="bothCorrect" time="9.733"/>
</testsuite> <!-- BothCorrect -->
