<?xml version="1.0" encoding="UTF-8"?>
<!-- Generated by org.testng.reporters.JUnitXMLReporter -->
<testsuite ignored="0" hostname="Ajay" failures="0" tests="4" name="Login test cases" time="50.141" errors="0" timestamp="2023-01-16T21:35:14 IST">
  <testcase classname="loginTestcases.bothCorrect" name="loginWithBothCorrect" time="16.835"/>
  <testcase classname="loginTestcases.bothIncorrect" name="loginWithBothIncorrect" time="8.888"/>
  <testcase classname="loginTestcases.correctPassword" name="loginWithCorrectPassword" time="15.287"/>
  <testcase classname="loginTestcases.correctUserName" name="loginWithCorrectUserName" time="9.085"/>
</testsuite> <!-- Login test cases -->
