<?xml version="1.0" encoding="UTF-8"?>
<!-- Generated by org.testng.reporters.JUnitXMLReporter -->
<testsuite ignored="0" hostname="Ajay" failures="0" tests="4" name="Default test" time="27.177" errors="0" timestamp="2023-03-02T12:08:38 IST">
  <testcase classname="amazonScripts.addToCart" name="searchBar" time="7.944"/>
  <testcase classname="amazonScripts.addToCart" name="searchBar" time="6.354"/>
  <testcase classname="amazonScripts.addToCart" name="searchBar" time="6.354"/>
  <testcase classname="amazonScripts.addToCart" name="searchBar" time="6.363"/>
</testsuite> <!-- Default test -->
