<?xml version="1.0" encoding="UTF-8"?>
<!-- Generated by org.testng.reporters.JUnitXMLReporter -->
<testsuite ignored="4" hostname="Ajay" failures="0" tests="4" name="Run Mobile" time="0.054" errors="0" timestamp="2022-12-06T17:43:20 IST">
  <testcase classname="testNG.GroupingExample" name="apple1" time="0.009"/>
  <testcase classname="testNG.GroupingExample" name="apple2" time="0.001"/>
  <testcase classname="testNG.GroupingExample" name="moto1" time="0.002"/>
  <testcase classname="testNG.GroupingExample" name="moto2" time="0.0"/>
  <testcase classname="testNG.GroupingExample" name="Lenavo1" time="0.0">
    <ignored/>
  </testcase> <!-- Lenavo1 -->
  <testcase classname="testNG.GroupingExample" name="vivo2" time="0.0">
    <ignored/>
  </testcase> <!-- vivo2 -->
  <testcase classname="testNG.GroupingExample" name="vivo1" time="0.0">
    <ignored/>
  </testcase> <!-- vivo1 -->
  <testcase classname="testNG.GroupingExample" name="Lenavo2" time="0.0">
    <ignored/>
  </testcase> <!-- Lenavo2 -->
</testsuite> <!-- Run Mobile -->
